<?xml version="1.0" encoding="UTF-8"?>
<testsuite name="org.example.AvionComercialTest" tests="2" skipped="0" failures="0" errors="0" timestamp="2024-06-14T20:24:44" hostname="DESKTOP-TV9BHG7" time="0.037">
  <properties/>
  <testcase name="volar()" classname="org.example.AvionComercialTest" time="0.035"/>
  <testcase name="testGetConsumoCombustible()" classname="org.example.AvionComercialTest" time="0.001"/>
  <system-out><![CDATA[]]></system-out>
  <system-err><![CDATA[]]></system-err>
</testsuite>
